  stdafx.cpp
  Animation.cpp
  Aris.cpp
  Arl.cpp
  Astar.cpp
  BlackKnight.cpp
  Cat.cpp
  Catherine.cpp
  Command.cpp
  Console.cpp
  Crab.cpp
  Fairy.cpp
  Farm.cpp
  FrameWork.cpp
C:\UsingProject\FalandTactics\SRPG만들기\FrameWork.cpp(67,3): warning C4996: '_swprintf': This function or variable may be unsafe. Consider using swprintf_s instead. To disable deprecation, use _CRT_SECURE_NO_WARNINGS. See online help for details.
C:\UsingProject\FalandTactics\SRPG만들기\FrameWork.cpp(73,3): warning C4996: '_swprintf': This function or variable may be unsafe. Consider using swprintf_s instead. To disable deprecation, use _CRT_SECURE_NO_WARNINGS. See online help for details.
C:\UsingProject\FalandTactics\SRPG만들기\FrameWork.cpp(128,32): warning C4244: '인수': '_Rep'에서 'float'(으)로 변환하면서 데이터가 손실될 수 있습니다.
          with
          [
              _Rep=double
          ]
C:\UsingProject\FalandTactics\SRPG만들기\FrameWork.cpp(297,2): warning C4060: switch문에 'case' 또는 'default' 레이블이 없습니다.
  GameOver.cpp
C:\UsingProject\FalandTactics\SRPG만들기\GameOver.cpp(54,28): warning C4244: '=': 'short'에서 'BYTE'(으)로 변환하면서 데이터가 손실될 수 있습니다.
  Index.cpp
  Ivan.cpp
  Karin.cpp
  Marcia.cpp
  Profile.cpp
  Reon.cpp
  컴파일하고 있습니다...
  Rhombus.cpp
  Rian.cpp
  Rucia.cpp
  Ruru.cpp
  Scene.cpp
  Shon.cpp
  SkillImage.cpp
  Sound.cpp
  Sprite.cpp
  Stage2.cpp
C:\UsingProject\FalandTactics\SRPG만들기\Stage2.cpp(223,28): warning C4244: '=': 'short'에서 'BYTE'(으)로 변환하면서 데이터가 손실될 수 있습니다.
  Stage3.cpp
C:\UsingProject\FalandTactics\SRPG만들기\Stage3.cpp(229,28): warning C4244: '=': 'short'에서 'BYTE'(으)로 변환하면서 데이터가 손실될 수 있습니다.
  Stage4.cpp
C:\UsingProject\FalandTactics\SRPG만들기\Stage4.cpp(233,28): warning C4244: '=': 'short'에서 'BYTE'(으)로 변환하면서 데이터가 손실될 수 있습니다.
  Stage5.cpp
C:\UsingProject\FalandTactics\SRPG만들기\Stage5.cpp(221,28): warning C4244: '=': 'short'에서 'BYTE'(으)로 변환하면서 데이터가 손실될 수 있습니다.
  Stage6.cpp
C:\UsingProject\FalandTactics\SRPG만들기\Stage6.cpp(306,28): warning C4244: '=': 'short'에서 'BYTE'(으)로 변환하면서 데이터가 손실될 수 있습니다.
  StageUser.cpp
C:\UsingProject\FalandTactics\SRPG만들기\StageUser.cpp(214,28): warning C4244: '=': 'short'에서 'BYTE'(으)로 변환하면서 데이터가 손실될 수 있습니다.
  State.cpp
  SystemImage.cpp
  Tile.cpp
  Title.cpp
  UI.cpp
  컴파일하고 있습니다...
  UI_Achievement.cpp
  UI_ClearCondition.cpp
  UI_CommandSelect.cpp
  UI_DetailSelect.cpp
  UI_Login.cpp
  UI_Notice.cpp
  UI_StageSelect.cpp
  UI_UnitDeatilInfo.cpp
  UI_UnitInfo.cpp
  Unit.cpp
C:\UsingProject\FalandTactics\SRPG만들기\Unit.cpp(812,28): warning C4244: '=': 'short'에서 'BYTE'(으)로 변환하면서 데이터가 손실될 수 있습니다.
C:\UsingProject\FalandTactics\SRPG만들기\Unit.cpp(1044,13): warning C4244: '초기화 중': 'float'에서 'int'(으)로 변환하면서 데이터가 손실될 수 있습니다.
C:\UsingProject\FalandTactics\SRPG만들기\Unit.cpp(1061,13): warning C4244: '초기화 중': 'float'에서 'int'(으)로 변환하면서 데이터가 손실될 수 있습니다.
C:\UsingProject\FalandTactics\SRPG만들기\Unit.cpp(1080,13): warning C4244: '초기화 중': 'float'에서 'int'(으)로 변환하면서 데이터가 손실될 수 있습니다.
C:\UsingProject\FalandTactics\SRPG만들기\Unit.cpp(1104,11): warning C4244: '초기화 중': 'float'에서 'int'(으)로 변환하면서 데이터가 손실될 수 있습니다.
  Wolf.cpp
  YoungKarin.cpp
  achievement.cpp
  main.cpp
  stage1.cpp
C:\UsingProject\FalandTactics\SRPG만들기\stage1.cpp(220,28): warning C4244: '=': 'short'에서 'BYTE'(으)로 변환하면서 데이터가 손실될 수 있습니다.
  코드를 생성하고 있습니다.
  2 of 2032 functions (<0.1%) were compiled, the rest were copied from previous compilation.
    0 functions were new in current compilation
    30 functions had inline decision re-evaluated but remain unchanged
  코드를 생성했습니다.
  SRPG만들기.vcxproj -> C:\UsingProject\FalandTactics\Release\SRPG만들기.exe
